2026-02-02 10:31:24,765 | INFO | trading_bot | Placing order: {'symbol': 'BTCUSDT', 'side': 'BUY', 'type': 'MARKET', 'quantity': 0.001}
2026-02-02 10:31:25,384 | ERROR | trading_bot | API error: BinanceRequestException: Invalid Response: 
2026-02-02 10:35:49,005 | INFO | trading_bot | Placing order: {'symbol': 'BTCUSDT', 'side': 'BUY', 'type': 'MARKET', 'quantity': 0.001}
2026-02-02 10:35:49,155 | ERROR | trading_bot | API error: APIError(code=-4164): Order's notional must be no smaller than 100 (unless you choose reduce only).
2026-02-02 10:37:00,466 | INFO | trading_bot | Placing order: {'symbol': 'BTCUSDT', 'side': 'BUY', 'type': 'MARKET', 'quantity': 0.002}
2026-02-02 10:37:00,613 | INFO | trading_bot | Order response: {'orderId': 12080001795, 'symbol': 'BTCUSDT', 'status': 'NEW', 'clientOrderId': 'WB8hJjiHkeDP6Fhx215spy', 'price': '0.00', 'avgPrice': '0.00', 'origQty': '0.002', 'executedQty': '0.000', 'cumQty': '0.000', 'cumQuote': '0.00000', 'timeInForce': 'GTC', 'type': 'MARKET', 'reduceOnly': False, 'closePosition': False, 'side': 'BUY', 'positionSide': 'BOTH', 'stopPrice': '0.00', 'workingType': 'CONTRACT_PRICE', 'priceProtect': False, 'origType': 'MARKET', 'priceMatch': 'NONE', 'selfTradePreventionMode': 'EXPIRE_MAKER', 'goodTillDate': 0, 'updateTime': 1770008820551}
2026-02-02 10:53:39,828 | INFO | trading_bot | Placing order: {'symbol': 'BTCUSDT', 'side': 'SELL', 'type': 'LIMIT', 'quantity': 0.002, 'price': 60000.0, 'timeInForce': 'GTC'}
2026-02-02 10:53:39,981 | ERROR | trading_bot | API error: APIError(code=-4024): Limit price can't be lower than 71571.01.
2026-02-02 10:53:54,280 | INFO | trading_bot | Placing order: {'symbol': 'BTCUSDT', 'side': 'SELL', 'type': 'LIMIT', 'quantity': 0.002, 'price': 72000.0, 'timeInForce': 'GTC'}
2026-02-02 10:53:54,429 | INFO | trading_bot | Order response: {'orderId': 12080200337, 'symbol': 'BTCUSDT', 'status': 'NEW', 'clientOrderId': 'Zx0LTyrANXOY6beYdhlQW6', 'price': '72000.00', 'avgPrice': '0.00', 'origQty': '0.002', 'executedQty': '0.000', 'cumQty': '0.000', 'cumQuote': '0.00000', 'timeInForce': 'GTC', 'type': 'LIMIT', 'reduceOnly': False, 'closePosition': False, 'side': 'SELL', 'positionSide': 'BOTH', 'stopPrice': '0.00', 'workingType': 'CONTRACT_PRICE', 'priceProtect': False, 'origType': 'LIMIT', 'priceMatch': 'NONE', 'selfTradePreventionMode': 'EXPIRE_MAKER', 'goodTillDate': 0, 'updateTime': 1770009834369}
2026-02-02 11:01:23,492 | INFO | trading_bot | Final order payload: {'symbol': 'BTCUSDT', 'side': 'SELL', 'quantity': 0.002, 'reduceOnly': False, 'type': 'STOP', 'price': 59000.0, 'stopPrice': 59500.0, 'timeInForce': 'GTC'}
2026-02-02 11:01:23,492 | INFO | trading_bot | Placing order: {'symbol': 'BTCUSDT', 'side': 'SELL', 'quantity': 0.002, 'reduceOnly': False, 'type': 'STOP', 'price': 59000.0, 'stopPrice': 59500.0, 'timeInForce': 'GTC'}
2026-02-02 11:01:23,638 | ERROR | trading_bot | API error: APIError(code=-4120): Order type not supported for this endpoint. Please use the Algo Order API endpoints instead.
2026-02-02 11:07:44,538 | INFO | trading_bot | Final order payload: {'symbol': 'BTCUSDT', 'side': 'SELL', 'quantity': 0.002, 'reduceOnly': False, 'type': 'STOP_MARKET', 'price': None, 'stopPrice': 59500.0, 'timeInForce': 'GTC'}
2026-02-02 11:07:44,539 | INFO | trading_bot | Placing order: {'symbol': 'BTCUSDT', 'side': 'SELL', 'quantity': 0.002, 'reduceOnly': False, 'type': 'STOP_MARKET', 'price': None, 'stopPrice': 59500.0, 'timeInForce': 'GTC'}
2026-02-02 11:07:44,710 | ERROR | trading_bot | API error: APIError(code=-4120): Order type not supported for this endpoint. Please use the Algo Order API endpoints instead.
--symbol BTCUSDT \
--side SELL \
--type STOP_MARKET \
--quantity 0.002 \
--stop-price 59500

Placing order...
❌ Failed to place order: APIError(code=-4120): Order type not supported for this endpoint. Please use the Algo Order API endpoints instead.